Change Component Designator: Old Designator=C1 New Designator=C5
Change Component Designator: Old Designator=C2 New Designator=C6
Change Component Designator: Old Designator=C3 New Designator=C7
Change Component Designator: Old Designator=C4 New Designator=C8
Change Component Designator: Old Designator=LED1 New Designator=LED2
Change Component Designator: Old Designator=P1 New Designator=P5
Change Component Designator: Old Designator=P2 New Designator=P6
Change Component Designator: Old Designator=P3 New Designator=P7
Change Component Designator: Old Designator=P4 New Designator=P10
Change Component Designator: Old Designator=P5 New Designator=P8
Change Component Designator: Old Designator=P6 New Designator=P9
Change Component Designator: Old Designator=R1 New Designator=R2
Change Component Designator: Old Designator=R2 New Designator=R4
Change Component Designator: Old Designator=R3 New Designator=R5
Change Component Designator: Old Designator=R4 New Designator=R6
Change Component Designator: Old Designator=R5 New Designator=R7
Change Component Designator: Old Designator=R6 New Designator=R8
Change Component Designator: Old Designator=R7 New Designator=R9
Change Component Designator: Old Designator=R8 New Designator=R10
Change Component Designator: Old Designator=R12 New Designator=R3
Change Component Designator: Old Designator=U1 New Designator=U2
